<?xml version="1.0" encoding="UTF-8"?>
<testsuites>
  <testsuite name="Encryption" tests="3" assertions="4" errors="0" warnings="0" failures="0" skipped="0" time="0.008938">
    <testsuite name="Daycry\Encryption\Test\EncryptionTest" file="C:\Users\46066917X\Documents\GitHub\encryption\tests\Encryption\EncryptionTest.php" tests="3" assertions="4" errors="0" warnings="0" failures="0" skipped="0" time="0.008938">
      <testcase name="testCTR" class="Daycry\Encryption\Test\EncryptionTest" classname="Daycry.Encryption.Test.EncryptionTest" file="C:\Users\46066917X\Documents\GitHub\encryption\tests\Encryption\EncryptionTest.php" line="14" assertions="1" time="0.008442"/>
      <testcase name="testECB" class="Daycry\Encryption\Test\EncryptionTest" classname="Daycry.Encryption.Test.EncryptionTest" file="C:\Users\46066917X\Documents\GitHub\encryption\tests\Encryption\EncryptionTest.php" line="27" assertions="2" time="0.000342"/>
      <testcase name="testAddFunctionsRunsOnlyOnce" class="Daycry\Encryption\Test\EncryptionTest" classname="Daycry.Encryption.Test.EncryptionTest" file="C:\Users\46066917X\Documents\GitHub\encryption\tests\Encryption\EncryptionTest.php" line="45" assertions="1" time="0.000154"/>
    </testsuite>
  </testsuite>
</testsuites>
